<?xml version="1.0" encoding="UTF-8"?>
<!-- Generated by org.testng.reporters.JUnitXMLReporter -->
<testsuite ignored="0" hostname="DESKTOP-I9RL5TD" failures="0" tests="7" name="Test" time="52.53" errors="0" timestamp="2025-09-15T09:28:31 IST">
  <testcase classname="testCasesForAdactin.TC_001_LoginFunctionality" name="logintest" time="0.571"/>
  <testcase classname="testCasesForAdactin.TC_002_SearchHotelFunctionality" name="searcHoteltest" time="4.598"/>
  <testcase classname="testCasesForAdactin.TC_003_SelectHotelFunctionality" name="hotelselction" time="3.768"/>
  <testcase classname="testCasesForAdactin.TC_004_BookHotelFunctionality" name="bookhotel" time="6.048"/>
  <testcase classname="testCasesForAdactin.TC_005_BookingConfFunctionality" name="bookingctest" time="17.698"/>
  <testcase classname="testCasesForAdactin.TC_006_BookedItineraryFunctionality" name="cancelItinerarytest" time="15.927"/>
  <testcase classname="testCasesForAdactin.TC_007_ForgetPasswordFunctionality" name="Forgetpassword" time="0.296"/>
</testsuite> <!-- Test -->
