<?xml version="1.0" encoding="UTF-8"?>
<testng-results ignored="0" total="7" passed="7" failed="0" skipped="0">
  <reporter-output>
  </reporter-output>
  <suite started-at="2025-09-15T09:27:38 IST" name="Suite" finished-at="2025-09-15T09:28:30 IST" duration-ms="52530">
    <groups>
    </groups>
    <test started-at="2025-09-15T09:27:38 IST" name="Test" finished-at="2025-09-15T09:28:30 IST" duration-ms="52530">
      <class name="testCasesForAdactin.TC_007_ForgetPasswordFunctionality">
        <test-method is-config="true" signature="OpenAppliction(java.lang.String,java.lang.String)[pri:0, instance:testCasesForAdactin.TC_007_ForgetPasswordFunctionality@4b2bac3f]" started-at="2025-09-15T09:27:31 IST" name="OpenAppliction" finished-at="2025-09-15T09:27:38 IST" duration-ms="7178" status="PASS">
          <params>
            <param index="0">
              <value>
                <![CDATA[Chrome]]>
              </value>
            </param>
            <param index="1">
              <value>
                <![CDATA[https://adactinhotelapp.com/index.php]]>
              </value>
            </param>
          </params>
          <reporter-output>
          </reporter-output>
        </test-method> <!-- OpenAppliction -->
        <test-method signature="logintest()[pri:0, instance:testCasesForAdactin.TC_007_ForgetPasswordFunctionality@4b2bac3f]" started-at="2025-09-15T09:27:38 IST" name="logintest" finished-at="2025-09-15T09:27:39 IST" duration-ms="571" status="PASS">
          <reporter-output>
          </reporter-output>
        </test-method> <!-- logintest -->
        <test-method signature="searcHoteltest()[pri:0, instance:testCasesForAdactin.TC_007_ForgetPasswordFunctionality@4b2bac3f]" started-at="2025-09-15T09:27:40 IST" name="searcHoteltest" finished-at="2025-09-15T09:27:45 IST" duration-ms="4598" status="PASS">
          <reporter-output>
          </reporter-output>
        </test-method> <!-- searcHoteltest -->
        <test-method signature="hotelselction()[pri:0, instance:testCasesForAdactin.TC_007_ForgetPasswordFunctionality@4b2bac3f]" started-at="2025-09-15T09:27:45 IST" name="hotelselction" finished-at="2025-09-15T09:27:49 IST" duration-ms="3768" status="PASS">
          <reporter-output>
          </reporter-output>
        </test-method> <!-- hotelselction -->
        <test-method signature="bookhotel()[pri:0, instance:testCasesForAdactin.TC_007_ForgetPasswordFunctionality@4b2bac3f]" started-at="2025-09-15T09:27:49 IST" name="bookhotel" finished-at="2025-09-15T09:27:55 IST" duration-ms="6048" status="PASS">
          <reporter-output>
          </reporter-output>
        </test-method> <!-- bookhotel -->
        <test-method signature="bookingctest()[pri:0, instance:testCasesForAdactin.TC_007_ForgetPasswordFunctionality@4b2bac3f]" started-at="2025-09-15T09:27:56 IST" name="bookingctest" finished-at="2025-09-15T09:28:13 IST" duration-ms="17698" status="PASS">
          <reporter-output>
          </reporter-output>
        </test-method> <!-- bookingctest -->
        <test-method signature="cancelItinerarytest()[pri:0, instance:testCasesForAdactin.TC_007_ForgetPasswordFunctionality@4b2bac3f]" started-at="2025-09-15T09:28:14 IST" name="cancelItinerarytest" finished-at="2025-09-15T09:28:30 IST" duration-ms="15927" status="PASS">
          <reporter-output>
          </reporter-output>
        </test-method> <!-- cancelItinerarytest -->
        <test-method signature="Forgetpassword()[pri:0, instance:testCasesForAdactin.TC_007_ForgetPasswordFunctionality@4b2bac3f]" started-at="2025-09-15T09:28:30 IST" name="Forgetpassword" finished-at="2025-09-15T09:28:30 IST" duration-ms="296" status="PASS">
          <reporter-output>
          </reporter-output>
        </test-method> <!-- Forgetpassword -->
        <test-method is-config="true" signature="CloseApplication()[pri:0, instance:testCasesForAdactin.TC_007_ForgetPasswordFunctionality@4b2bac3f]" started-at="2025-09-15T09:28:31 IST" name="CloseApplication" finished-at="2025-09-15T09:28:34 IST" duration-ms="3428" status="PASS">
          <reporter-output>
          </reporter-output>
        </test-method> <!-- CloseApplication -->
      </class> <!-- testCasesForAdactin.TC_007_ForgetPasswordFunctionality -->
    </test> <!-- Test -->
  </suite> <!-- Suite -->
</testng-results>
