<?xml version="1.0" encoding="UTF-8"?>
<testng-results ignored="0" total="6" passed="6" failed="0" skipped="0">
  <reporter-output>
  </reporter-output>
  <suite started-at="2025-08-31T17:02:30 IST" name="Suite" finished-at="2025-08-31T17:03:20 IST" duration-ms="50150">
    <groups>
    </groups>
    <test started-at="2025-08-31T17:02:30 IST" name="Test" finished-at="2025-08-31T17:03:20 IST" duration-ms="50150">
      <class name="testCasesForAdactin.TC_006_BookedItineraryFunctionality">
        <test-method is-config="true" signature="OpenAppliction(java.lang.String,java.lang.String)[pri:0, instance:testCasesForAdactin.TC_006_BookedItineraryFunctionality@79079097]" started-at="2025-08-31T17:02:24 IST" name="OpenAppliction" finished-at="2025-08-31T17:02:30 IST" duration-ms="5309" status="PASS">
          <params>
            <param index="0">
              <value>
                <![CDATA[Chrome]]>
              </value>
            </param>
            <param index="1">
              <value>
                <![CDATA[https://adactinhotelapp.com/index.php]]>
              </value>
            </param>
          </params>
          <reporter-output>
          </reporter-output>
        </test-method> <!-- OpenAppliction -->
        <test-method signature="logintest()[pri:0, instance:testCasesForAdactin.TC_006_BookedItineraryFunctionality@79079097]" started-at="2025-08-31T17:02:30 IST" name="logintest" finished-at="2025-08-31T17:02:31 IST" duration-ms="1107" status="PASS">
          <reporter-output>
          </reporter-output>
        </test-method> <!-- logintest -->
        <test-method signature="searcHoteltest()[pri:0, instance:testCasesForAdactin.TC_006_BookedItineraryFunctionality@79079097]" started-at="2025-08-31T17:02:31 IST" name="searcHoteltest" finished-at="2025-08-31T17:02:36 IST" duration-ms="4397" status="PASS">
          <reporter-output>
          </reporter-output>
        </test-method> <!-- searcHoteltest -->
        <test-method signature="hotelselction()[pri:0, instance:testCasesForAdactin.TC_006_BookedItineraryFunctionality@79079097]" started-at="2025-08-31T17:02:36 IST" name="hotelselction" finished-at="2025-08-31T17:02:40 IST" duration-ms="3999" status="PASS">
          <reporter-output>
          </reporter-output>
        </test-method> <!-- hotelselction -->
        <test-method signature="bookhotel()[pri:0, instance:testCasesForAdactin.TC_006_BookedItineraryFunctionality@79079097]" started-at="2025-08-31T17:02:40 IST" name="bookhotel" finished-at="2025-08-31T17:02:46 IST" duration-ms="5937" status="PASS">
          <reporter-output>
          </reporter-output>
        </test-method> <!-- bookhotel -->
        <test-method signature="bookingctest()[pri:0, instance:testCasesForAdactin.TC_006_BookedItineraryFunctionality@79079097]" started-at="2025-08-31T17:02:47 IST" name="bookingctest" finished-at="2025-08-31T17:03:03 IST" duration-ms="15422" status="PASS">
          <reporter-output>
          </reporter-output>
        </test-method> <!-- bookingctest -->
        <test-method signature="cancelItinerarytest()[pri:0, instance:testCasesForAdactin.TC_006_BookedItineraryFunctionality@79079097]" started-at="2025-08-31T17:03:03 IST" name="cancelItinerarytest" finished-at="2025-08-31T17:03:19 IST" duration-ms="16525" status="PASS">
          <reporter-output>
          </reporter-output>
        </test-method> <!-- cancelItinerarytest -->
        <test-method is-config="true" signature="CloseApplication()[pri:0, instance:testCasesForAdactin.TC_006_BookedItineraryFunctionality@79079097]" started-at="2025-08-31T17:03:20 IST" name="CloseApplication" finished-at="2025-08-31T17:03:23 IST" duration-ms="3358" status="PASS">
          <reporter-output>
          </reporter-output>
        </test-method> <!-- CloseApplication -->
      </class> <!-- testCasesForAdactin.TC_006_BookedItineraryFunctionality -->
    </test> <!-- Test -->
  </suite> <!-- Suite -->
</testng-results>
