<?xml version="1.0" encoding="UTF-8"?>
<!-- Generated by org.testng.reporters.JUnitReportReporter -->
<testsuite hostname="DESKTOP-I9RL5TD" failures="0" tests="5" name="testCasesForAdactin.TC_004_BookHotelFunctionality" time="-1756096256.000" errors="1" timestamp="2025-08-25T10:00:35 IST" skipped="4">
  <testcase classname="testCasesForAdactin.TC_004_BookHotelFunctionality" name="logintest" time="0.000">
    <skipped/>
  </testcase> <!-- logintest -->
  <testcase classname="testCasesForAdactin.TC_004_BookHotelFunctionality" name="bookhotel" time="0.000">
    <skipped/>
  </testcase> <!-- bookhotel -->
  <testcase classname="testCasesForAdactin.TC_004_BookHotelFunctionality" name="OpenAppliction" time="-1756096256.000">
    <error message="
Parameter &#039;Browser&#039; is required by BeforeSuite on method OpenAppliction but has not been marked @Optional or defined
in C:\Users\Personal\AppData\Local\Temp\testng-eclipse-2121362389\testng-customsuite.xml" type="org.testng.TestNGException">
      <![CDATA[org.testng.TestNGException: 
Parameter 'Browser' is required by BeforeSuite on method OpenAppliction but has not been marked @Optional or defined
in C:\Users\Personal\AppData\Local\Temp\testng-eclipse-2121362389\testng-customsuite.xml
at org.testng.internal.Parameters.createParams(Parameters.java:264)
at org.testng.internal.Parameters.createParametersForMethod(Parameters.java:352)
at org.testng.internal.Parameters.createParameters(Parameters.java:690)
at org.testng.internal.Parameters.createConfigurationParameters(Parameters.java:163)
at org.testng.internal.invokers.ConfigInvoker.invokeConfigurations(ConfigInvoker.java:313)
at org.testng.SuiteRunner.privateRun(SuiteRunner.java:358)
at org.testng.SuiteRunner.run(SuiteRunner.java:312)
at org.testng.SuiteRunnerWorker.runSuite(SuiteRunnerWorker.java:52)
at org.testng.SuiteRunnerWorker.run(SuiteRunnerWorker.java:95)
at org.testng.TestNG.runSuitesSequentially(TestNG.java:1274)
at org.testng.TestNG.runSuitesLocally(TestNG.java:1208)
at org.testng.TestNG.runSuites(TestNG.java:1112)
at org.testng.TestNG.run(TestNG.java:1079)
at org.testng.remote.AbstractRemoteTestNG.run(AbstractRemoteTestNG.java:115)
at org.testng.remote.RemoteTestNG.initAndRun(RemoteTestNG.java:293)
at org.testng.remote.RemoteTestNG.main(RemoteTestNG.java:91)
]]>
    </error>
  </testcase> <!-- OpenAppliction -->
  <testcase classname="testCasesForAdactin.TC_004_BookHotelFunctionality" name="searcHoteltest" time="0.000">
    <skipped/>
  </testcase> <!-- searcHoteltest -->
  <testcase classname="testCasesForAdactin.TC_004_BookHotelFunctionality" name="hotelselction" time="0.000">
    <skipped/>
  </testcase> <!-- hotelselction -->
</testsuite> <!-- testCasesForAdactin.TC_004_BookHotelFunctionality -->
